[0.011s] Invoking command in '/home/peky/peky_safmc/mrs_safmc_cate_image/ros2_ws/build/camera_ros': CMAKE_PREFIX_PATH=/opt/ros/humble /usr/bin/cmake /home/peky/peky_safmc/mrs_safmc_cate_image/ros2_ws/src/camera_ros -DAMENT_CMAKE_SYMLINK_INSTALL=1 -DCMAKE_INSTALL_PREFIX=/home/peky/peky_safmc/mrs_safmc_cate_image/ros2_ws/install/camera_ros
[0.024s] -- Found ament_cmake: 1.3.11 (/opt/ros/humble/share/ament_cmake/cmake)
[0.120s] -- Override CMake install command with custom implementation using symlinks instead of copying resources
[0.124s] -- Found rclcpp: 16.0.11 (/opt/ros/humble/share/rclcpp/cmake)
[0.142s] -- Found rosidl_generator_c: 3.1.6 (/opt/ros/humble/share/rosidl_generator_c/cmake)
[0.143s] -- Found rosidl_adapter: 3.1.6 (/opt/ros/humble/share/rosidl_adapter/cmake)
[0.146s] -- Found rosidl_generator_cpp: 3.1.6 (/opt/ros/humble/share/rosidl_generator_cpp/cmake)
[0.151s] -- Using all available rosidl_typesupport_c: rosidl_typesupport_fastrtps_c;rosidl_typesupport_introspection_c
[0.158s] -- Using all available rosidl_typesupport_cpp: rosidl_typesupport_fastrtps_cpp;rosidl_typesupport_introspection_cpp
[0.177s] -- Found rmw_implementation_cmake: 6.1.2 (/opt/ros/humble/share/rmw_implementation_cmake/cmake)
[0.178s] -- Found rmw_fastrtps_cpp: 6.2.7 (/opt/ros/humble/share/rmw_fastrtps_cpp/cmake)
[0.244s] -- Using RMW implementation 'rmw_fastrtps_cpp' as default
[0.273s] -- Found rclcpp_components: 16.0.11 (/opt/ros/humble/share/rclcpp_components/cmake)
[0.284s] -- Found sensor_msgs: 4.2.4 (/opt/ros/humble/share/sensor_msgs/cmake)
[0.306s] -- Configuring incomplete, errors occurred!
[0.306s] See also "/home/peky/peky_safmc/mrs_safmc_cate_image/ros2_ws/build/camera_ros/CMakeFiles/CMakeOutput.log".
[0.306s] [31mCMake Error at CMakeLists.txt:18 (find_package):
[0.306s]   By not providing "Findcamera_info_manager.cmake" in CMAKE_MODULE_PATH this
[0.306s]   project has asked CMake to find a package configuration file provided by
[0.306s]   "camera_info_manager", but CMake did not find one.
[0.306s] 
[0.306s]   Could not find a package configuration file provided by
[0.306s]   "camera_info_manager" with any of the following names:
[0.306s] 
[0.306s]     camera_info_managerConfig.cmake
[0.307s]     camera_info_manager-config.cmake
[0.307s] 
[0.307s]   Add the installation prefix of "camera_info_manager" to CMAKE_PREFIX_PATH
[0.307s]   or set "camera_info_manager_DIR" to a directory containing one of the above
[0.307s]   files.  If "camera_info_manager" provides a separate development package or
[0.307s]   SDK, be sure it has been installed.
[0.307s] 
[0.307s] [0m
