[0.230s] DEBUG:colcon:Command line arguments: ['/usr/bin/colcon', 'build']
[0.231s] DEBUG:colcon:Parsed command line arguments: Namespace(log_base=None, log_level=None, verb_name='build', build_base='build', install_base='install', merge_install=False, symlink_install=False, test_result_base=None, continue_on_error=False, executor='parallel', parallel_workers=16, event_handlers=None, ignore_user_meta=False, metas=['./colcon.meta'], base_paths=['.'], packages_ignore=None, packages_ignore_regex=None, paths=None, packages_up_to=None, packages_up_to_regex=None, packages_above=None, packages_above_and_dependencies=None, packages_above_depth=None, packages_select_by_dep=None, packages_skip_by_dep=None, packages_skip_up_to=None, packages_select_build_failed=False, packages_skip_build_finished=False, packages_select_test_failures=False, packages_skip_test_passed=False, packages_select=None, packages_skip=None, packages_select_regex=None, packages_skip_regex=None, packages_start=None, packages_end=None, allow_overriding=[], cmake_args=None, cmake_target=None, cmake_target_skip_unavailable=False, cmake_clean_cache=False, cmake_clean_first=False, cmake_force_configure=False, ament_cmake_args=None, catkin_cmake_args=None, catkin_skip_building_tests=False, mixin_files=None, mixin=None, verb_parser=<colcon_mixin.mixin.mixin_argument.MixinArgumentDecorator object at 0x76a92ba644c0>, verb_extension=<colcon_core.verb.build.BuildVerb object at 0x76a92bbd1ed0>, main=<bound method BuildVerb.main of <colcon_core.verb.build.BuildVerb object at 0x76a92bbd1ed0>>, mixin_verb=('build',))
[0.312s] Level 1:colcon.colcon_core.package_discovery:discover_packages(colcon_meta) check parameters
[0.312s] Level 1:colcon.colcon_core.package_discovery:discover_packages(recursive) check parameters
[0.312s] Level 1:colcon.colcon_core.package_discovery:discover_packages(ignore) check parameters
[0.313s] Level 1:colcon.colcon_core.package_discovery:discover_packages(path) check parameters
[0.313s] Level 1:colcon.colcon_core.package_discovery:discover_packages(colcon_meta) discover
[0.313s] Level 1:colcon.colcon_core.package_discovery:discover_packages(recursive) discover
[0.313s] INFO:colcon.colcon_core.package_discovery:Crawling recursively for packages in '/home/peky/peky_safmc/mrs_safmc_cate_image/ros2_ws'
[0.313s] Level 1:colcon.colcon_core.package_identification:_identify(.) by extensions ['ignore', 'ignore_ament_install']
[0.313s] Level 1:colcon.colcon_core.package_identification:_identify(.) by extension 'ignore'
[0.313s] Level 1:colcon.colcon_core.package_identification:_identify(.) by extension 'ignore_ament_install'
[0.313s] Level 1:colcon.colcon_core.package_identification:_identify(.) by extensions ['colcon_pkg']
[0.313s] Level 1:colcon.colcon_core.package_identification:_identify(.) by extension 'colcon_pkg'
[0.313s] Level 1:colcon.colcon_core.package_identification:_identify(.) by extensions ['colcon_meta']
[0.314s] Level 1:colcon.colcon_core.package_identification:_identify(.) by extension 'colcon_meta'
[0.314s] Level 1:colcon.colcon_core.package_identification:_identify(.) by extensions ['ros']
[0.314s] Level 1:colcon.colcon_core.package_identification:_identify(.) by extension 'ros'
[0.344s] Level 1:colcon.colcon_core.package_identification:_identify(.) by extensions ['cmake', 'python']
[0.345s] Level 1:colcon.colcon_core.package_identification:_identify(.) by extension 'cmake'
[0.345s] Level 1:colcon.colcon_core.package_identification:_identify(.) by extension 'python'
[0.345s] Level 1:colcon.colcon_core.package_identification:_identify(.) by extensions ['python_setup_py']
[0.345s] Level 1:colcon.colcon_core.package_identification:_identify(.) by extension 'python_setup_py'
[0.345s] Level 1:colcon.colcon_core.package_identification:_identify(build) by extensions ['ignore', 'ignore_ament_install']
[0.345s] Level 1:colcon.colcon_core.package_identification:_identify(build) by extension 'ignore'
[0.345s] Level 1:colcon.colcon_core.package_identification:_identify(build) ignored
[0.345s] Level 1:colcon.colcon_core.package_identification:_identify(install) by extensions ['ignore', 'ignore_ament_install']
[0.346s] Level 1:colcon.colcon_core.package_identification:_identify(install) by extension 'ignore'
[0.346s] Level 1:colcon.colcon_core.package_identification:_identify(install) ignored
[0.346s] Level 1:colcon.colcon_core.package_identification:_identify(log) by extensions ['ignore', 'ignore_ament_install']
[0.346s] Level 1:colcon.colcon_core.package_identification:_identify(log) by extension 'ignore'
[0.346s] Level 1:colcon.colcon_core.package_identification:_identify(log) ignored
[0.346s] Level 1:colcon.colcon_core.package_identification:_identify(src) by extensions ['ignore', 'ignore_ament_install']
[0.346s] Level 1:colcon.colcon_core.package_identification:_identify(src) by extension 'ignore'
[0.346s] Level 1:colcon.colcon_core.package_identification:_identify(src) by extension 'ignore_ament_install'
[0.346s] Level 1:colcon.colcon_core.package_identification:_identify(src) by extensions ['colcon_pkg']
[0.346s] Level 1:colcon.colcon_core.package_identification:_identify(src) by extension 'colcon_pkg'
[0.347s] Level 1:colcon.colcon_core.package_identification:_identify(src) by extensions ['colcon_meta']
[0.347s] Level 1:colcon.colcon_core.package_identification:_identify(src) by extension 'colcon_meta'
[0.347s] Level 1:colcon.colcon_core.package_identification:_identify(src) by extensions ['ros']
[0.347s] Level 1:colcon.colcon_core.package_identification:_identify(src) by extension 'ros'
[0.347s] Level 1:colcon.colcon_core.package_identification:_identify(src) by extensions ['cmake', 'python']
[0.347s] Level 1:colcon.colcon_core.package_identification:_identify(src) by extension 'cmake'
[0.347s] Level 1:colcon.colcon_core.package_identification:_identify(src) by extension 'python'
[0.347s] Level 1:colcon.colcon_core.package_identification:_identify(src) by extensions ['python_setup_py']
[0.347s] Level 1:colcon.colcon_core.package_identification:_identify(src) by extension 'python_setup_py'
[0.347s] Level 1:colcon.colcon_core.package_identification:_identify(src/aruco) by extensions ['ignore', 'ignore_ament_install']
[0.347s] Level 1:colcon.colcon_core.package_identification:_identify(src/aruco) by extension 'ignore'
[0.347s] Level 1:colcon.colcon_core.package_identification:_identify(src/aruco) by extension 'ignore_ament_install'
[0.347s] Level 1:colcon.colcon_core.package_identification:_identify(src/aruco) by extensions ['colcon_pkg']
[0.348s] Level 1:colcon.colcon_core.package_identification:_identify(src/aruco) by extension 'colcon_pkg'
[0.348s] Level 1:colcon.colcon_core.package_identification:_identify(src/aruco) by extensions ['colcon_meta']
[0.348s] Level 1:colcon.colcon_core.package_identification:_identify(src/aruco) by extension 'colcon_meta'
[0.348s] Level 1:colcon.colcon_core.package_identification:_identify(src/aruco) by extensions ['ros']
[0.348s] Level 1:colcon.colcon_core.package_identification:_identify(src/aruco) by extension 'ros'
[0.348s] Level 1:colcon.colcon_core.package_identification:_identify(src/aruco) by extensions ['cmake', 'python']
[0.348s] Level 1:colcon.colcon_core.package_identification:_identify(src/aruco) by extension 'cmake'
[0.348s] Level 1:colcon.colcon_core.package_identification:_identify(src/aruco) by extension 'python'
[0.348s] Level 1:colcon.colcon_core.package_identification:_identify(src/aruco) by extensions ['python_setup_py']
[0.348s] Level 1:colcon.colcon_core.package_identification:_identify(src/aruco) by extension 'python_setup_py'
[0.348s] Level 1:colcon.colcon_core.package_identification:_identify(src/aruco/camera_calibration) by extensions ['ignore', 'ignore_ament_install']
[0.348s] Level 1:colcon.colcon_core.package_identification:_identify(src/aruco/camera_calibration) by extension 'ignore'
[0.348s] Level 1:colcon.colcon_core.package_identification:_identify(src/aruco/camera_calibration) by extension 'ignore_ament_install'
[0.348s] Level 1:colcon.colcon_core.package_identification:_identify(src/aruco/camera_calibration) by extensions ['colcon_pkg']
[0.348s] Level 1:colcon.colcon_core.package_identification:_identify(src/aruco/camera_calibration) by extension 'colcon_pkg'
[0.349s] Level 1:colcon.colcon_core.package_identification:_identify(src/aruco/camera_calibration) by extensions ['colcon_meta']
[0.349s] Level 1:colcon.colcon_core.package_identification:_identify(src/aruco/camera_calibration) by extension 'colcon_meta'
[0.349s] Level 1:colcon.colcon_core.package_identification:_identify(src/aruco/camera_calibration) by extensions ['ros']
[0.349s] Level 1:colcon.colcon_core.package_identification:_identify(src/aruco/camera_calibration) by extension 'ros'
[0.349s] Level 1:colcon.colcon_core.package_identification:_identify(src/aruco/camera_calibration) by extensions ['cmake', 'python']
[0.349s] Level 1:colcon.colcon_core.package_identification:_identify(src/aruco/camera_calibration) by extension 'cmake'
[0.349s] Level 1:colcon.colcon_core.package_identification:_identify(src/aruco/camera_calibration) by extension 'python'
[0.349s] Level 1:colcon.colcon_core.package_identification:_identify(src/aruco/camera_calibration) by extensions ['python_setup_py']
[0.349s] Level 1:colcon.colcon_core.package_identification:_identify(src/aruco/camera_calibration) by extension 'python_setup_py'
[0.349s] Level 1:colcon.colcon_core.package_identification:_identify(src/control_logic) by extensions ['ignore', 'ignore_ament_install']
[0.349s] Level 1:colcon.colcon_core.package_identification:_identify(src/control_logic) by extension 'ignore'
[0.349s] Level 1:colcon.colcon_core.package_identification:_identify(src/control_logic) by extension 'ignore_ament_install'
[0.350s] Level 1:colcon.colcon_core.package_identification:_identify(src/control_logic) by extensions ['colcon_pkg']
[0.350s] Level 1:colcon.colcon_core.package_identification:_identify(src/control_logic) by extension 'colcon_pkg'
[0.350s] Level 1:colcon.colcon_core.package_identification:_identify(src/control_logic) by extensions ['colcon_meta']
[0.350s] Level 1:colcon.colcon_core.package_identification:_identify(src/control_logic) by extension 'colcon_meta'
[0.350s] Level 1:colcon.colcon_core.package_identification:_identify(src/control_logic) by extensions ['ros']
[0.350s] Level 1:colcon.colcon_core.package_identification:_identify(src/control_logic) by extension 'ros'
[0.350s] Level 1:colcon.colcon_core.package_identification:_identify(src/control_logic) by extensions ['cmake', 'python']
[0.350s] Level 1:colcon.colcon_core.package_identification:_identify(src/control_logic) by extension 'cmake'
[0.354s] Level 1:colcon.colcon_core.package_identification:_identify(src/control_logic) by extension 'python'
[0.354s] DEBUG:colcon.colcon_core.package_identification:Package 'src/control_logic' with type 'cmake' and name 'control_logic'
[0.354s] Level 1:colcon.colcon_core.package_identification:_identify(src/px4_msgs) by extensions ['ignore', 'ignore_ament_install']
[0.354s] Level 1:colcon.colcon_core.package_identification:_identify(src/px4_msgs) by extension 'ignore'
[0.354s] Level 1:colcon.colcon_core.package_identification:_identify(src/px4_msgs) by extension 'ignore_ament_install'
[0.355s] Level 1:colcon.colcon_core.package_identification:_identify(src/px4_msgs) by extensions ['colcon_pkg']
[0.355s] Level 1:colcon.colcon_core.package_identification:_identify(src/px4_msgs) by extension 'colcon_pkg'
[0.355s] Level 1:colcon.colcon_core.package_identification:_identify(src/px4_msgs) by extensions ['colcon_meta']
[0.355s] Level 1:colcon.colcon_core.package_identification:_identify(src/px4_msgs) by extension 'colcon_meta'
[0.355s] Level 1:colcon.colcon_core.package_identification:_identify(src/px4_msgs) by extensions ['ros']
[0.355s] Level 1:colcon.colcon_core.package_identification:_identify(src/px4_msgs) by extension 'ros'
[0.364s] DEBUG:colcon.colcon_core.package_identification:Package 'src/px4_msgs' with type 'ros.ament_cmake' and name 'px4_msgs'
[0.364s] Level 1:colcon.colcon_core.package_identification:_identify(src/px4_ros_com) by extensions ['ignore', 'ignore_ament_install']
[0.364s] Level 1:colcon.colcon_core.package_identification:_identify(src/px4_ros_com) by extension 'ignore'
[0.364s] Level 1:colcon.colcon_core.package_identification:_identify(src/px4_ros_com) by extension 'ignore_ament_install'
[0.365s] Level 1:colcon.colcon_core.package_identification:_identify(src/px4_ros_com) by extensions ['colcon_pkg']
[0.365s] Level 1:colcon.colcon_core.package_identification:_identify(src/px4_ros_com) by extension 'colcon_pkg'
[0.365s] Level 1:colcon.colcon_core.package_identification:_identify(src/px4_ros_com) by extensions ['colcon_meta']
[0.365s] Level 1:colcon.colcon_core.package_identification:_identify(src/px4_ros_com) by extension 'colcon_meta'
[0.365s] Level 1:colcon.colcon_core.package_identification:_identify(src/px4_ros_com) by extensions ['ros']
[0.365s] Level 1:colcon.colcon_core.package_identification:_identify(src/px4_ros_com) by extension 'ros'
[0.371s] DEBUG:colcon.colcon_core.package_identification:Package 'src/px4_ros_com' with type 'ros.ament_cmake' and name 'px4_ros_com'
[0.371s] Level 1:colcon.colcon_core.package_discovery:discover_packages(recursive) using defaults
[0.371s] Level 1:colcon.colcon_core.package_discovery:discover_packages(ignore) discover
[0.371s] Level 1:colcon.colcon_core.package_discovery:discover_packages(ignore) using defaults
[0.371s] Level 1:colcon.colcon_core.package_discovery:discover_packages(path) discover
[0.371s] Level 1:colcon.colcon_core.package_discovery:discover_packages(path) using defaults
[0.435s] Level 1:colcon.colcon_core.package_discovery:discover_packages(prefix_path) check parameters
[0.435s] Level 1:colcon.colcon_core.package_discovery:discover_packages(prefix_path) discover
[0.439s] DEBUG:colcon.colcon_installed_package_information.package_discovery:Found 184 installed packages in /opt/ros/humble
[0.441s] Level 1:colcon.colcon_core.package_discovery:discover_packages(prefix_path) using defaults
[0.483s] Level 5:colcon.colcon_core.verb:set package 'px4_msgs' build argument 'cmake_args' from command line to 'None'
[0.483s] Level 5:colcon.colcon_core.verb:set package 'px4_msgs' build argument 'cmake_target' from command line to 'None'
[0.483s] Level 5:colcon.colcon_core.verb:set package 'px4_msgs' build argument 'cmake_target_skip_unavailable' from command line to 'False'
[0.483s] Level 5:colcon.colcon_core.verb:set package 'px4_msgs' build argument 'cmake_clean_cache' from command line to 'False'
[0.483s] Level 5:colcon.colcon_core.verb:set package 'px4_msgs' build argument 'cmake_clean_first' from command line to 'False'
[0.483s] Level 5:colcon.colcon_core.verb:set package 'px4_msgs' build argument 'cmake_force_configure' from command line to 'False'
[0.483s] Level 5:colcon.colcon_core.verb:set package 'px4_msgs' build argument 'ament_cmake_args' from command line to 'None'
[0.483s] Level 5:colcon.colcon_core.verb:set package 'px4_msgs' build argument 'catkin_cmake_args' from command line to 'None'
[0.483s] Level 5:colcon.colcon_core.verb:set package 'px4_msgs' build argument 'catkin_skip_building_tests' from command line to 'False'
[0.483s] DEBUG:colcon.colcon_core.verb:Building package 'px4_msgs' with the following arguments: {'ament_cmake_args': None, 'build_base': '/home/peky/peky_safmc/mrs_safmc_cate_image/ros2_ws/build/px4_msgs', 'catkin_cmake_args': None, 'catkin_skip_building_tests': False, 'cmake_args': None, 'cmake_clean_cache': False, 'cmake_clean_first': False, 'cmake_force_configure': False, 'cmake_target': None, 'cmake_target_skip_unavailable': False, 'install_base': '/home/peky/peky_safmc/mrs_safmc_cate_image/ros2_ws/install/px4_msgs', 'merge_install': False, 'path': '/home/peky/peky_safmc/mrs_safmc_cate_image/ros2_ws/src/px4_msgs', 'symlink_install': False, 'test_result_base': None}
[0.484s] Level 5:colcon.colcon_core.verb:set package 'control_logic' build argument 'cmake_args' from command line to 'None'
[0.484s] Level 5:colcon.colcon_core.verb:set package 'control_logic' build argument 'cmake_target' from command line to 'None'
[0.484s] Level 5:colcon.colcon_core.verb:set package 'control_logic' build argument 'cmake_target_skip_unavailable' from command line to 'False'
[0.484s] Level 5:colcon.colcon_core.verb:set package 'control_logic' build argument 'cmake_clean_cache' from command line to 'False'
[0.484s] Level 5:colcon.colcon_core.verb:set package 'control_logic' build argument 'cmake_clean_first' from command line to 'False'
[0.484s] Level 5:colcon.colcon_core.verb:set package 'control_logic' build argument 'cmake_force_configure' from command line to 'False'
[0.484s] Level 5:colcon.colcon_core.verb:set package 'control_logic' build argument 'ament_cmake_args' from command line to 'None'
[0.484s] Level 5:colcon.colcon_core.verb:set package 'control_logic' build argument 'catkin_cmake_args' from command line to 'None'
[0.484s] Level 5:colcon.colcon_core.verb:set package 'control_logic' build argument 'catkin_skip_building_tests' from command line to 'False'
[0.485s] DEBUG:colcon.colcon_core.verb:Building package 'control_logic' with the following arguments: {'ament_cmake_args': None, 'build_base': '/home/peky/peky_safmc/mrs_safmc_cate_image/ros2_ws/build/control_logic', 'catkin_cmake_args': None, 'catkin_skip_building_tests': False, 'cmake_args': None, 'cmake_clean_cache': False, 'cmake_clean_first': False, 'cmake_force_configure': False, 'cmake_target': None, 'cmake_target_skip_unavailable': False, 'install_base': '/home/peky/peky_safmc/mrs_safmc_cate_image/ros2_ws/install/control_logic', 'merge_install': False, 'path': '/home/peky/peky_safmc/mrs_safmc_cate_image/ros2_ws/src/control_logic', 'symlink_install': False, 'test_result_base': None}
[0.485s] Level 5:colcon.colcon_core.verb:set package 'px4_ros_com' build argument 'cmake_args' from command line to 'None'
[0.485s] Level 5:colcon.colcon_core.verb:set package 'px4_ros_com' build argument 'cmake_target' from command line to 'None'
[0.485s] Level 5:colcon.colcon_core.verb:set package 'px4_ros_com' build argument 'cmake_target_skip_unavailable' from command line to 'False'
[0.485s] Level 5:colcon.colcon_core.verb:set package 'px4_ros_com' build argument 'cmake_clean_cache' from command line to 'False'
[0.485s] Level 5:colcon.colcon_core.verb:set package 'px4_ros_com' build argument 'cmake_clean_first' from command line to 'False'
[0.485s] Level 5:colcon.colcon_core.verb:set package 'px4_ros_com' build argument 'cmake_force_configure' from command line to 'False'
[0.486s] Level 5:colcon.colcon_core.verb:set package 'px4_ros_com' build argument 'ament_cmake_args' from command line to 'None'
[0.486s] Level 5:colcon.colcon_core.verb:set package 'px4_ros_com' build argument 'catkin_cmake_args' from command line to 'None'
[0.486s] Level 5:colcon.colcon_core.verb:set package 'px4_ros_com' build argument 'catkin_skip_building_tests' from command line to 'False'
[0.486s] DEBUG:colcon.colcon_core.verb:Building package 'px4_ros_com' with the following arguments: {'ament_cmake_args': None, 'build_base': '/home/peky/peky_safmc/mrs_safmc_cate_image/ros2_ws/build/px4_ros_com', 'catkin_cmake_args': None, 'catkin_skip_building_tests': False, 'cmake_args': None, 'cmake_clean_cache': False, 'cmake_clean_first': False, 'cmake_force_configure': False, 'cmake_target': None, 'cmake_target_skip_unavailable': False, 'install_base': '/home/peky/peky_safmc/mrs_safmc_cate_image/ros2_ws/install/px4_ros_com', 'merge_install': False, 'path': '/home/peky/peky_safmc/mrs_safmc_cate_image/ros2_ws/src/px4_ros_com', 'symlink_install': False, 'test_result_base': None}
[0.486s] INFO:colcon.colcon_core.executor:Executing jobs using 'parallel' executor
[0.488s] DEBUG:colcon.colcon_parallel_executor.executor.parallel:run_until_complete
[0.488s] INFO:colcon.colcon_ros.task.ament_cmake.build:Building ROS package in '/home/peky/peky_safmc/mrs_safmc_cate_image/ros2_ws/src/px4_msgs' with build type 'ament_cmake'
[0.488s] INFO:colcon.colcon_cmake.task.cmake.build:Building CMake package in '/home/peky/peky_safmc/mrs_safmc_cate_image/ros2_ws/src/px4_msgs'
[0.492s] INFO:colcon.colcon_core.plugin_system:Skipping extension 'colcon_core.shell.bat': Not used on non-Windows systems
[0.492s] INFO:colcon.colcon_core.shell:Skip shell extension 'powershell' for command environment: Not usable outside of PowerShell
[0.493s] DEBUG:colcon.colcon_core.shell:Skip shell extension 'dsv' for command environment
[0.506s] DEBUG:colcon.colcon_core.event_handler.log_command:Invoking command in '/home/peky/peky_safmc/mrs_safmc_cate_image/ros2_ws/build/px4_msgs': CMAKE_PREFIX_PATH=/opt/ros/humble /usr/bin/cmake /home/peky/peky_safmc/mrs_safmc_cate_image/ros2_ws/src/px4_msgs -DCMAKE_INSTALL_PREFIX=/home/peky/peky_safmc/mrs_safmc_cate_image/ros2_ws/install/px4_msgs
[3.931s] DEBUG:colcon.colcon_core.event_handler.log_command:Invoked command in '/home/peky/peky_safmc/mrs_safmc_cate_image/ros2_ws/build/px4_msgs' returned '0': CMAKE_PREFIX_PATH=/opt/ros/humble /usr/bin/cmake /home/peky/peky_safmc/mrs_safmc_cate_image/ros2_ws/src/px4_msgs -DCMAKE_INSTALL_PREFIX=/home/peky/peky_safmc/mrs_safmc_cate_image/ros2_ws/install/px4_msgs
[3.932s] DEBUG:colcon.colcon_core.event_handler.log_command:Invoking command in '/home/peky/peky_safmc/mrs_safmc_cate_image/ros2_ws/build/px4_msgs': CMAKE_PREFIX_PATH=/opt/ros/humble /usr/bin/cmake --build /home/peky/peky_safmc/mrs_safmc_cate_image/ros2_ws/build/px4_msgs -- -j16 -l16
[172.909s] DEBUG:colcon.colcon_core.event_handler.log_command:Invoked command in '/home/peky/peky_safmc/mrs_safmc_cate_image/ros2_ws/build/px4_msgs' returned '0': CMAKE_PREFIX_PATH=/opt/ros/humble /usr/bin/cmake --build /home/peky/peky_safmc/mrs_safmc_cate_image/ros2_ws/build/px4_msgs -- -j16 -l16
[172.917s] DEBUG:colcon.colcon_core.event_handler.log_command:Invoking command in '/home/peky/peky_safmc/mrs_safmc_cate_image/ros2_ws/build/px4_msgs': CMAKE_PREFIX_PATH=/opt/ros/humble /usr/bin/cmake --install /home/peky/peky_safmc/mrs_safmc_cate_image/ros2_ws/build/px4_msgs
[173.554s] Level 1:colcon.colcon_core.environment:create_environment_scripts_only(px4_msgs)
[173.555s] DEBUG:colcon.colcon_core.event_handler.log_command:Invoked command in '/home/peky/peky_safmc/mrs_safmc_cate_image/ros2_ws/build/px4_msgs' returned '0': CMAKE_PREFIX_PATH=/opt/ros/humble /usr/bin/cmake --install /home/peky/peky_safmc/mrs_safmc_cate_image/ros2_ws/build/px4_msgs
[173.556s] Level 1:colcon.colcon_core.environment:checking '/home/peky/peky_safmc/mrs_safmc_cate_image/ros2_ws/install/px4_msgs' for CMake module files
[173.556s] Level 1:colcon.colcon_core.environment:checking '/home/peky/peky_safmc/mrs_safmc_cate_image/ros2_ws/install/px4_msgs' for CMake config files
[173.557s] Level 1:colcon.colcon_core.shell:create_environment_hook('px4_msgs', 'cmake_prefix_path')
[173.557s] INFO:colcon.colcon_core.shell:Creating environment hook '/home/peky/peky_safmc/mrs_safmc_cate_image/ros2_ws/install/px4_msgs/share/px4_msgs/hook/cmake_prefix_path.ps1'
[173.558s] INFO:colcon.colcon_core.shell:Creating environment descriptor '/home/peky/peky_safmc/mrs_safmc_cate_image/ros2_ws/install/px4_msgs/share/px4_msgs/hook/cmake_prefix_path.dsv'
[173.558s] INFO:colcon.colcon_core.shell:Creating environment hook '/home/peky/peky_safmc/mrs_safmc_cate_image/ros2_ws/install/px4_msgs/share/px4_msgs/hook/cmake_prefix_path.sh'
[173.558s] Level 1:colcon.colcon_core.environment:checking '/home/peky/peky_safmc/mrs_safmc_cate_image/ros2_ws/install/px4_msgs/lib'
[173.559s] Level 1:colcon.colcon_core.shell:create_environment_hook('px4_msgs', 'ld_library_path_lib')
[173.559s] INFO:colcon.colcon_core.shell:Creating environment hook '/home/peky/peky_safmc/mrs_safmc_cate_image/ros2_ws/install/px4_msgs/share/px4_msgs/hook/ld_library_path_lib.ps1'
[173.559s] INFO:colcon.colcon_core.shell:Creating environment descriptor '/home/peky/peky_safmc/mrs_safmc_cate_image/ros2_ws/install/px4_msgs/share/px4_msgs/hook/ld_library_path_lib.dsv'
[173.559s] INFO:colcon.colcon_core.shell:Creating environment hook '/home/peky/peky_safmc/mrs_safmc_cate_image/ros2_ws/install/px4_msgs/share/px4_msgs/hook/ld_library_path_lib.sh'
[173.559s] Level 1:colcon.colcon_core.environment:checking '/home/peky/peky_safmc/mrs_safmc_cate_image/ros2_ws/install/px4_msgs/bin'
[173.559s] Level 1:colcon.colcon_core.environment:checking '/home/peky/peky_safmc/mrs_safmc_cate_image/ros2_ws/install/px4_msgs/lib/pkgconfig/px4_msgs.pc'
[173.559s] Level 1:colcon.colcon_core.environment:checking '/home/peky/peky_safmc/mrs_safmc_cate_image/ros2_ws/install/px4_msgs/lib/python3.10/site-packages'
[173.559s] Level 1:colcon.colcon_core.environment:checking '/home/peky/peky_safmc/mrs_safmc_cate_image/ros2_ws/install/px4_msgs/bin'
[173.560s] INFO:colcon.colcon_core.shell:Creating package script '/home/peky/peky_safmc/mrs_safmc_cate_image/ros2_ws/install/px4_msgs/share/px4_msgs/package.ps1'
[173.560s] INFO:colcon.colcon_core.shell:Creating package descriptor '/home/peky/peky_safmc/mrs_safmc_cate_image/ros2_ws/install/px4_msgs/share/px4_msgs/package.dsv'
[173.560s] INFO:colcon.colcon_core.shell:Creating package script '/home/peky/peky_safmc/mrs_safmc_cate_image/ros2_ws/install/px4_msgs/share/px4_msgs/package.sh'
[173.561s] INFO:colcon.colcon_core.shell:Creating package script '/home/peky/peky_safmc/mrs_safmc_cate_image/ros2_ws/install/px4_msgs/share/px4_msgs/package.bash'
[173.561s] INFO:colcon.colcon_core.shell:Creating package script '/home/peky/peky_safmc/mrs_safmc_cate_image/ros2_ws/install/px4_msgs/share/px4_msgs/package.zsh'
[173.562s] Level 1:colcon.colcon_core.environment:create_file_with_runtime_dependencies(/home/peky/peky_safmc/mrs_safmc_cate_image/ros2_ws/install/px4_msgs/share/colcon-core/packages/px4_msgs)
[173.562s] Level 1:colcon.colcon_core.environment:create_environment_scripts_only(px4_msgs)
[173.562s] Level 1:colcon.colcon_core.environment:checking '/home/peky/peky_safmc/mrs_safmc_cate_image/ros2_ws/install/px4_msgs' for CMake module files
[173.562s] Level 1:colcon.colcon_core.environment:checking '/home/peky/peky_safmc/mrs_safmc_cate_image/ros2_ws/install/px4_msgs' for CMake config files
[173.563s] Level 1:colcon.colcon_core.shell:create_environment_hook('px4_msgs', 'cmake_prefix_path')
[173.563s] INFO:colcon.colcon_core.shell:Creating environment hook '/home/peky/peky_safmc/mrs_safmc_cate_image/ros2_ws/install/px4_msgs/share/px4_msgs/hook/cmake_prefix_path.ps1'
[173.563s] INFO:colcon.colcon_core.shell:Creating environment descriptor '/home/peky/peky_safmc/mrs_safmc_cate_image/ros2_ws/install/px4_msgs/share/px4_msgs/hook/cmake_prefix_path.dsv'
[173.564s] INFO:colcon.colcon_core.shell:Creating environment hook '/home/peky/peky_safmc/mrs_safmc_cate_image/ros2_ws/install/px4_msgs/share/px4_msgs/hook/cmake_prefix_path.sh'
[173.564s] Level 1:colcon.colcon_core.environment:checking '/home/peky/peky_safmc/mrs_safmc_cate_image/ros2_ws/install/px4_msgs/lib'
[173.564s] Level 1:colcon.colcon_core.shell:create_environment_hook('px4_msgs', 'ld_library_path_lib')
[173.564s] INFO:colcon.colcon_core.shell:Creating environment hook '/home/peky/peky_safmc/mrs_safmc_cate_image/ros2_ws/install/px4_msgs/share/px4_msgs/hook/ld_library_path_lib.ps1'
[173.564s] INFO:colcon.colcon_core.shell:Creating environment descriptor '/home/peky/peky_safmc/mrs_safmc_cate_image/ros2_ws/install/px4_msgs/share/px4_msgs/hook/ld_library_path_lib.dsv'
[173.564s] INFO:colcon.colcon_core.shell:Creating environment hook '/home/peky/peky_safmc/mrs_safmc_cate_image/ros2_ws/install/px4_msgs/share/px4_msgs/hook/ld_library_path_lib.sh'
[173.565s] Level 1:colcon.colcon_core.environment:checking '/home/peky/peky_safmc/mrs_safmc_cate_image/ros2_ws/install/px4_msgs/bin'
[173.565s] Level 1:colcon.colcon_core.environment:checking '/home/peky/peky_safmc/mrs_safmc_cate_image/ros2_ws/install/px4_msgs/lib/pkgconfig/px4_msgs.pc'
[173.565s] Level 1:colcon.colcon_core.environment:checking '/home/peky/peky_safmc/mrs_safmc_cate_image/ros2_ws/install/px4_msgs/lib/python3.10/site-packages'
[173.565s] Level 1:colcon.colcon_core.environment:checking '/home/peky/peky_safmc/mrs_safmc_cate_image/ros2_ws/install/px4_msgs/bin'
[173.565s] INFO:colcon.colcon_core.shell:Creating package script '/home/peky/peky_safmc/mrs_safmc_cate_image/ros2_ws/install/px4_msgs/share/px4_msgs/package.ps1'
[173.565s] INFO:colcon.colcon_core.shell:Creating package descriptor '/home/peky/peky_safmc/mrs_safmc_cate_image/ros2_ws/install/px4_msgs/share/px4_msgs/package.dsv'
[173.569s] INFO:colcon.colcon_core.shell:Creating package script '/home/peky/peky_safmc/mrs_safmc_cate_image/ros2_ws/install/px4_msgs/share/px4_msgs/package.sh'
[173.569s] INFO:colcon.colcon_core.shell:Creating package script '/home/peky/peky_safmc/mrs_safmc_cate_image/ros2_ws/install/px4_msgs/share/px4_msgs/package.bash'
[173.569s] INFO:colcon.colcon_core.shell:Creating package script '/home/peky/peky_safmc/mrs_safmc_cate_image/ros2_ws/install/px4_msgs/share/px4_msgs/package.zsh'
[173.569s] Level 1:colcon.colcon_core.environment:create_file_with_runtime_dependencies(/home/peky/peky_safmc/mrs_safmc_cate_image/ros2_ws/install/px4_msgs/share/colcon-core/packages/px4_msgs)
[173.570s] INFO:colcon.colcon_cmake.task.cmake.build:Building CMake package in '/home/peky/peky_safmc/mrs_safmc_cate_image/ros2_ws/src/control_logic'
[173.570s] INFO:colcon.colcon_core.shell:Skip shell extension 'powershell' for command environment: Not usable outside of PowerShell
[173.570s] DEBUG:colcon.colcon_core.shell:Skip shell extension 'dsv' for command environment
[173.571s] INFO:colcon.colcon_ros.task.ament_cmake.build:Building ROS package in '/home/peky/peky_safmc/mrs_safmc_cate_image/ros2_ws/src/px4_ros_com' with build type 'ament_cmake'
[173.571s] INFO:colcon.colcon_cmake.task.cmake.build:Building CMake package in '/home/peky/peky_safmc/mrs_safmc_cate_image/ros2_ws/src/px4_ros_com'
[173.571s] INFO:colcon.colcon_core.shell:Skip shell extension 'powershell' for command environment: Not usable outside of PowerShell
[173.571s] DEBUG:colcon.colcon_core.shell:Skip shell extension 'dsv' for command environment
[173.581s] DEBUG:colcon.colcon_core.event_handler.log_command:Invoking command in '/home/peky/peky_safmc/mrs_safmc_cate_image/ros2_ws/build/control_logic': AMENT_PREFIX_PATH=/home/peky/peky_safmc/mrs_safmc_cate_image/ros2_ws/install/px4_msgs:${AMENT_PREFIX_PATH} CMAKE_PREFIX_PATH=/home/peky/peky_safmc/mrs_safmc_cate_image/ros2_ws/install/px4_msgs LD_LIBRARY_PATH=/home/peky/peky_safmc/mrs_safmc_cate_image/ros2_ws/install/px4_msgs/lib:${LD_LIBRARY_PATH} PYTHONPATH=/home/peky/peky_safmc/mrs_safmc_cate_image/ros2_ws/install/px4_msgs/local/lib/python3.10/dist-packages:${PYTHONPATH} /usr/bin/cmake /home/peky/peky_safmc/mrs_safmc_cate_image/ros2_ws/src/control_logic -DCMAKE_INSTALL_PREFIX=/home/peky/peky_safmc/mrs_safmc_cate_image/ros2_ws/install/control_logic
[173.585s] DEBUG:colcon.colcon_core.event_handler.log_command:Invoking command in '/home/peky/peky_safmc/mrs_safmc_cate_image/ros2_ws/build/px4_ros_com': AMENT_PREFIX_PATH=/home/peky/peky_safmc/mrs_safmc_cate_image/ros2_ws/install/px4_msgs:${AMENT_PREFIX_PATH} CMAKE_PREFIX_PATH=/home/peky/peky_safmc/mrs_safmc_cate_image/ros2_ws/install/px4_msgs:/opt/ros/humble LD_LIBRARY_PATH=/home/peky/peky_safmc/mrs_safmc_cate_image/ros2_ws/install/px4_msgs/lib:${LD_LIBRARY_PATH} PYTHONPATH=/home/peky/peky_safmc/mrs_safmc_cate_image/ros2_ws/install/px4_msgs/local/lib/python3.10/dist-packages:${PYTHONPATH} /usr/bin/cmake /home/peky/peky_safmc/mrs_safmc_cate_image/ros2_ws/src/px4_ros_com -DCMAKE_INSTALL_PREFIX=/home/peky/peky_safmc/mrs_safmc_cate_image/ros2_ws/install/px4_ros_com
[174.556s] DEBUG:colcon.colcon_core.event_handler.log_command:Invoked command in '/home/peky/peky_safmc/mrs_safmc_cate_image/ros2_ws/build/control_logic' returned '1': AMENT_PREFIX_PATH=/home/peky/peky_safmc/mrs_safmc_cate_image/ros2_ws/install/px4_msgs:${AMENT_PREFIX_PATH} CMAKE_PREFIX_PATH=/home/peky/peky_safmc/mrs_safmc_cate_image/ros2_ws/install/px4_msgs LD_LIBRARY_PATH=/home/peky/peky_safmc/mrs_safmc_cate_image/ros2_ws/install/px4_msgs/lib:${LD_LIBRARY_PATH} PYTHONPATH=/home/peky/peky_safmc/mrs_safmc_cate_image/ros2_ws/install/px4_msgs/local/lib/python3.10/dist-packages:${PYTHONPATH} /usr/bin/cmake /home/peky/peky_safmc/mrs_safmc_cate_image/ros2_ws/src/control_logic -DCMAKE_INSTALL_PREFIX=/home/peky/peky_safmc/mrs_safmc_cate_image/ros2_ws/install/control_logic
[174.611s] DEBUG:colcon.colcon_parallel_executor.executor.parallel:closing loop
[174.611s] DEBUG:colcon.colcon_parallel_executor.executor.parallel:loop closed
[174.611s] DEBUG:colcon.colcon_parallel_executor.executor.parallel:run_until_complete finished with '1'
[174.611s] DEBUG:colcon.colcon_core.event_reactor:joining thread
[174.617s] INFO:colcon.colcon_core.plugin_system:Skipping extension 'colcon_notification.desktop_notification.terminal_notifier': Not used on non-Darwin systems
[174.617s] INFO:colcon.colcon_core.plugin_system:Skipping extension 'colcon_notification.desktop_notification.win32': Not used on non-Windows systems
[174.617s] INFO:colcon.colcon_notification.desktop_notification:Sending desktop notification using 'notify2'
[174.632s] DEBUG:colcon.colcon_core.event_reactor:joined thread
[174.633s] INFO:colcon.colcon_core.shell:Creating prefix script '/home/peky/peky_safmc/mrs_safmc_cate_image/ros2_ws/install/local_setup.ps1'
[174.634s] INFO:colcon.colcon_core.shell:Creating prefix util module '/home/peky/peky_safmc/mrs_safmc_cate_image/ros2_ws/install/_local_setup_util_ps1.py'
[174.635s] INFO:colcon.colcon_core.shell:Creating prefix chain script '/home/peky/peky_safmc/mrs_safmc_cate_image/ros2_ws/install/setup.ps1'
[174.636s] INFO:colcon.colcon_core.shell:Creating prefix script '/home/peky/peky_safmc/mrs_safmc_cate_image/ros2_ws/install/local_setup.sh'
[174.637s] INFO:colcon.colcon_core.shell:Creating prefix util module '/home/peky/peky_safmc/mrs_safmc_cate_image/ros2_ws/install/_local_setup_util_sh.py'
[174.637s] INFO:colcon.colcon_core.shell:Creating prefix chain script '/home/peky/peky_safmc/mrs_safmc_cate_image/ros2_ws/install/setup.sh'
[174.638s] INFO:colcon.colcon_core.shell:Creating prefix script '/home/peky/peky_safmc/mrs_safmc_cate_image/ros2_ws/install/local_setup.bash'
[174.639s] INFO:colcon.colcon_core.shell:Creating prefix chain script '/home/peky/peky_safmc/mrs_safmc_cate_image/ros2_ws/install/setup.bash'
[174.639s] INFO:colcon.colcon_core.shell:Creating prefix script '/home/peky/peky_safmc/mrs_safmc_cate_image/ros2_ws/install/local_setup.zsh'
[174.639s] INFO:colcon.colcon_core.shell:Creating prefix chain script '/home/peky/peky_safmc/mrs_safmc_cate_image/ros2_ws/install/setup.zsh'
