[0.011s] Invoking command in '/home/peky/peky_safmc/mrs_safmc_cate_image/ros2_ws/build/control_logic': AMENT_PREFIX_PATH=/home/peky/peky_safmc/mrs_safmc_cate_image/ros2_ws/install/px4_msgs:${AMENT_PREFIX_PATH} CMAKE_PREFIX_PATH=/home/peky/peky_safmc/mrs_safmc_cate_image/ros2_ws/install/px4_msgs LD_LIBRARY_PATH=/home/peky/peky_safmc/mrs_safmc_cate_image/ros2_ws/install/px4_msgs/lib:${LD_LIBRARY_PATH} PYTHONPATH=/home/peky/peky_safmc/mrs_safmc_cate_image/ros2_ws/install/px4_msgs/local/lib/python3.10/dist-packages:${PYTHONPATH} /usr/bin/cmake /home/peky/peky_safmc/mrs_safmc_cate_image/ros2_ws/src/control_logic -DCMAKE_INSTALL_PREFIX=/home/peky/peky_safmc/mrs_safmc_cate_image/ros2_ws/install/control_logic
[0.062s] -- The C compiler identification is GNU 11.4.0
[0.120s] -- The CXX compiler identification is GNU 11.4.0
[0.125s] -- Detecting C compiler ABI info
[0.177s] -- Detecting C compiler ABI info - done
[0.182s] -- Check for working C compiler: /usr/bin/cc - skipped
[0.182s] -- Detecting C compile features
[0.182s] -- Detecting C compile features - done
[0.184s] -- Detecting CXX compiler ABI info
[0.244s] -- Detecting CXX compiler ABI info - done
[0.250s] -- Check for working CXX compiler: /usr/bin/c++ - skipped
[0.250s] -- Detecting CXX compile features
[0.250s] -- Detecting CXX compile features - done
[0.252s] -- Found ament_cmake: 1.3.11 (/opt/ros/humble/share/ament_cmake/cmake)
[0.500s] -- Found Python3: /usr/bin/python3 (found version "3.10.12") found components: Interpreter 
[0.559s] -- Found rclcpp: 16.0.11 (/opt/ros/humble/share/rclcpp/cmake)
[0.586s] -- Found rosidl_generator_c: 3.1.6 (/opt/ros/humble/share/rosidl_generator_c/cmake)
[0.588s] -- Found rosidl_adapter: 3.1.6 (/opt/ros/humble/share/rosidl_adapter/cmake)
[0.593s] -- Found rosidl_generator_cpp: 3.1.6 (/opt/ros/humble/share/rosidl_generator_cpp/cmake)
[0.600s] -- Using all available rosidl_typesupport_c: rosidl_typesupport_fastrtps_c;rosidl_typesupport_introspection_c
[0.608s] -- Using all available rosidl_typesupport_cpp: rosidl_typesupport_fastrtps_cpp;rosidl_typesupport_introspection_cpp
[0.633s] -- Found rmw_implementation_cmake: 6.1.2 (/opt/ros/humble/share/rmw_implementation_cmake/cmake)
[0.634s] -- Found rmw_fastrtps_cpp: 6.2.7 (/opt/ros/humble/share/rmw_fastrtps_cpp/cmake)
[0.693s] -- Found OpenSSL: /usr/lib/x86_64-linux-gnu/libcrypto.so (found version "3.0.2")  
[0.709s] -- Found FastRTPS: /opt/ros/humble/include  
[0.735s] -- Using RMW implementation 'rmw_fastrtps_cpp' as default
[0.740s] -- Looking for pthread.h
[0.797s] -- Looking for pthread.h - found
[0.797s] -- Performing Test CMAKE_HAVE_LIBC_PTHREAD
[0.852s] -- Performing Test CMAKE_HAVE_LIBC_PTHREAD - Success
[0.853s] -- Found Threads: TRUE  
[0.881s] -- Found px4_msgs: 2.0.1 (/home/peky/peky_safmc/mrs_safmc_cate_image/ros2_ws/install/px4_msgs/share/px4_msgs/cmake)
[0.888s] -- Found geometry_msgs: 4.2.4 (/opt/ros/humble/share/geometry_msgs/cmake)
[0.895s] -- Found sensor_msgs: 4.2.4 (/opt/ros/humble/share/sensor_msgs/cmake)
[0.905s] -- Found cv_bridge: 3.2.1 (/opt/ros/humble/share/cv_bridge/cmake)
[0.911s] -- Found image_transport: 3.1.10 (/opt/ros/humble/share/image_transport/cmake)
[0.929s] -- Found OpenCV: /usr (found version "4.5.4") 
[0.929s] -- Found tf2: 0.25.9 (/opt/ros/humble/share/tf2/cmake)
[0.931s] -- Found tf2_ros: 0.25.9 (/opt/ros/humble/share/tf2_ros/cmake)
[0.978s] [0mCMake Error: File /home/peky/peky_safmc/mrs_safmc_cate_image/ros2_ws/src/control_logic/package.xml does not exist.[0m
[0.978s] [31mCMake Error at /opt/ros/humble/share/ament_cmake_core/cmake/core/stamp.cmake:24 (configure_file):
[0.978s]   configure_file Problem configuring file
[0.978s] Call Stack (most recent call first):
[0.978s]   /opt/ros/humble/share/ament_cmake_core/cmake/core/ament_package_xml.cmake:73 (stamp)
[0.978s]   /opt/ros/humble/share/ament_cmake_core/cmake/core/ament_package_xml.cmake:49 (_ament_package_xml)
[0.978s]   /opt/ros/humble/share/ament_cmake_core/cmake/core/ament_package.cmake:63 (ament_package_xml)
[0.978s]   CMakeLists.txt:43 (ament_package)
[0.979s] 
[0.979s] [0m
[0.979s] -- Configuring incomplete, errors occurred!
[0.980s] See also "/home/peky/peky_safmc/mrs_safmc_cate_image/ros2_ws/build/control_logic/CMakeFiles/CMakeOutput.log".
[0.986s] Invoked command in '/home/peky/peky_safmc/mrs_safmc_cate_image/ros2_ws/build/control_logic' returned '1': AMENT_PREFIX_PATH=/home/peky/peky_safmc/mrs_safmc_cate_image/ros2_ws/install/px4_msgs:${AMENT_PREFIX_PATH} CMAKE_PREFIX_PATH=/home/peky/peky_safmc/mrs_safmc_cate_image/ros2_ws/install/px4_msgs LD_LIBRARY_PATH=/home/peky/peky_safmc/mrs_safmc_cate_image/ros2_ws/install/px4_msgs/lib:${LD_LIBRARY_PATH} PYTHONPATH=/home/peky/peky_safmc/mrs_safmc_cate_image/ros2_ws/install/px4_msgs/local/lib/python3.10/dist-packages:${PYTHONPATH} /usr/bin/cmake /home/peky/peky_safmc/mrs_safmc_cate_image/ros2_ws/src/control_logic -DCMAKE_INSTALL_PREFIX=/home/peky/peky_safmc/mrs_safmc_cate_image/ros2_ws/install/control_logic
